{
  "0 debug pnpm:scope": {
    "selected": 1,
    "total": 1,
    "workspacePrefix": "C:\\Users\\Maicol\\Documents\\Projects\\Web\\osm_standard_modules"
  },
  "1 debug pnpm:package-manifest": {
    "initial": {
      "name": "@openstamanager/standard-modules",
      "version": "1.0.0",
      "dependencies": {
        "openstamanager": "path:../osm_rewrite"
      }
    },
    "prefix": "C:\\Users\\Maicol\\Documents\\Projects\\Web\\osm_standard_modules"
  },
  "2 debug pnpm:context": {
    "currentLockfileExists": false,
    "storeDir": "C:\\Users\\Maicol\\.pnpm-store\\v3",
    "virtualStoreDir": "C:\\Users\\Maicol\\Documents\\Projects\\Web\\osm_standard_modules\\node_modules\\.pnpm"
  },
  "3 debug pnpm:stage": {
    "prefix": "C:\\Users\\Maicol\\Documents\\Projects\\Web\\osm_standard_modules",
    "stage": "resolution_started"
  },
  "4 error pnpm": {
    "code": "ERR_PNPM_PATH_IS_UNSUPPORTED_PROTOCOL",
    "pref": "path:../osm_rewrite",
    "protocol": "path:",
    "pkgsStack": [],
    "err": {
      "name": "pnpm",
      "message": "Local dependencies via `path:` protocol are not supported. Use the `link:` protocol for folder dependencies and `file:` for local tarballs",
      "code": "ERR_PNPM_PATH_IS_UNSUPPORTED_PROTOCOL",
      "stack": "pnpm: Local dependencies via `path:` protocol are not supported. Use the `link:` protocol for folder dependencies and `file:` for local tarballs\n    at Object.parsePref [as default] (C:\\Users\\Maicol\\AppData\\Roaming\\npm\\pnpm-global\\5\\node_modules\\.pnpm\\pnpm@6.15.2\\node_modules\\pnpm\\dist\\pnpm.cjs:84236:21)\n    at Object.resolveLocal [as default] (C:\\Users\\Maicol\\AppData\\Roaming\\npm\\pnpm-global\\5\\node_modules\\.pnpm\\pnpm@6.15.2\\node_modules\\pnpm\\dist\\pnpm.cjs:84302:39)\n    at Object.resolve (C:\\Users\\Maicol\\AppData\\Roaming\\npm\\pnpm-global\\5\\node_modules\\.pnpm\\pnpm@6.15.2\\node_modules\\pnpm\\dist\\pnpm.cjs:85174:339)\n    at async run (C:\\Users\\Maicol\\AppData\\Roaming\\npm\\pnpm-global\\5\\node_modules\\.pnpm\\pnpm@6.15.2\\node_modules\\pnpm\\dist\\pnpm.cjs:71116:23)"
    }
  }
}