{
  "0 debug pnpm:scope": {
    "selected": 1,
    "workspacePrefix": "C:\\Users\\Maicol\\Documents\\Projects\\Web\\osm_standard_modules"
  },
  "1 error pnpm": {
    "errno": 1,
    "code": "ELIFECYCLE",
    "pkgid": "attivita.tipi@1.0.0",
    "stage": "build-watch",
    "script": "vite build --watch",
    "pkgname": "attivita.tipi",
    "err": {
      "name": "pnpm",
      "message": "attivita.tipi@1.0.0 build-watch: `vite build --watch`\nExit status 1",
      "code": "ELIFECYCLE",
      "stack": "pnpm: attivita.tipi@1.0.0 build-watch: `vite build --watch`\nExit status 1\n    at EventEmitter.<anonymous> (C:\\Users\\Maicol\\AppData\\Roaming\\npm\\pnpm-global\\5\\node_modules\\.pnpm\\pnpm@6.16.0\\node_modules\\pnpm\\dist\\pnpm.cjs:104931:20)\n    at EventEmitter.emit (node:events:390:28)\n    at ChildProcess.<anonymous> (C:\\Users\\Maicol\\AppData\\Roaming\\npm\\pnpm-global\\5\\node_modules\\.pnpm\\pnpm@6.16.0\\node_modules\\pnpm\\dist\\pnpm.cjs:92920:18)\n    at ChildProcess.emit (node:events:390:28)\n    at maybeClose (node:internal/child_process:1064:16)\n    at Process.ChildProcess._handle.onexit (node:internal/child_process:301:5)"
    }
  },
  "2 warn pnpm:global": " Local package.json exists, but node_modules missing, did you mean to install?"
}